  
 ******************** TIME CONTROL ********************
 Starting Chargemol version 3.5 September 26, 2017.
 ******************************************************
  
 Starting DDEC program
 2024/07/30  08:42:35
 Copyright (c) 2014, 2015, 2016 by Thomas A. Manz and Nidia Gabaldon Limas. Rights reserved.
  
 **************** THREAD INFORMATION ******************
 Job running using serial mode.
  
 ******************************************************
  
 /home/dsweeney3/ddec/chargemol_09_26_2017/atomic_densities/                                                                                                                                             
  
 ******************** TIME CONTROL ********************
 Starting format_vasp_densities
 ******************************************************
  
 inputfile = AECCAR2
 vectors
 34.410984  0.000000  0.000000
  0.000000 34.410984  0.000000
  0.000000  0.000000 42.972369
 direct_coords
  0.237720  0.150322  0.380180
  0.233558  0.150310  0.433152
  0.297318  0.150179  0.351047
 totnumA=    280
 totnumB=    280
 totnumC=    360
 inputfile = AECCAR0
 core_available T
 inputfile = CHGCAR
 valence_grid_correct = T
  
 ******************** TIME CONTROL ********************
 Read input files in    36.943000793457031      seconds
 ******************************************************
  
 The maximum pixel electron correction was:   0.000000
 The number of pixel corrections was:      0
 sum_negative_density:  0.000000
 POTCAR
  
 ******************** TIME CONTROL ********************
 Starting add_missing_core_density
 ******************************************************
  
 center_nabc =
          67          42         137
          65          42         156
          83          42         126
 delta_na=     78
 delta_nb=     78
 delta_nc=     81
  
 ******************** TIME CONTROL ********************
 Starting check_grid_spacing
 ******************************************************
  
 The grid spacing in your electron density input file is adequate.
  
 ******************** TIME CONTROL ********************
 Finished check_grid_spacing in   0.29199999570846558      seconds
 ******************************************************
  
 Checking to see that all core electrons are accounted for:
  
 Printing atom number, atomic number, core electrons, and missing core for each atom.
 (Missing core electrons will be inserted using stored core electron reference densities.)
    1    7     2.000000    0
    2    8     2.000000    0
    3    8     2.000000    0
 Finished the check for missing core electrons.
  
 ******************** TIME CONTROL ********************
 Finished add_missing_core_density in   0.29199999570846558      seconds
 ******************************************************
  
 The CHGCAR               file size is:             513678727 bytes.
 non_collinear = F
 spin_available = F
  
 ******************** TIME CONTROL ********************
 Starting compute_dominant_atom_volumes
 ******************************************************
  
  
 ******************** TIME CONTROL ********************
 Finished compute_dominant_atom_volumes in   0.39100000262260437      seconds
 ******************************************************
  
 The largest occupancy correction was
   5.9782014506440427E-004
  
 ******************** TIME CONTROL ********************
 Finished format_vasp_densities in    39.248001098632812      seconds
 ******************************************************
  
 ncore =        6.0000
 nvalence =       17.0000
 pixelvolume =    1.8029E-03
 numerically integrated valence density =    1.7001E+01
 sum_valence_occupancy_correction =   -9.5727E-04
 checkme =    1.9397E-06
 The grid spacing is adequate and all electrons are properly accounted for.
 Calculation will proceed.
 Making sure the atomic coordinates for periodic directions are inside the reference unit cell.
 The adjusted atomic coordinates are
    8.1802    5.1727   16.3372
    8.0370    5.1723   18.6136
   10.2310    5.1678   15.0853
  
 The adjusted center_nabc is
          67          42         137
          65          42         156
          83          42         126
  
 ******************** TIME CONTROL ********************
 Starting core_iterator
 ******************************************************
  
 Iteratively solving for the core charge distributions:
 Iteration=   1
 change=   2.012795E+00
 Iteration=   2
 change=   4.037303E-03
 Iteration=   3
 change=   3.560282E-06
 Iteration=   4
 change=   7.187496E-07
 Iteration=   5
 change=   2.613691E-07
 Iteration=   6
 change=   9.178178E-08
 Correcting the core density grid
 iteration=            1
 iteration=            2
 Core density grid corrected in the following number of iterations: 
 iter=            2
  
 ******************** TIME CONTROL ********************
 Finished core_iterator in    5.2940001487731934      seconds
 ******************************************************
  
  
 ******************** TIME CONTROL ********************
 Starting valence_iterator
 ******************************************************
  
 Iteratively solving for the atomic partial charge distributions:
 Normalization =   1.0000006257649046     
 Information for noniterative Hirshfeld method will be printed now.
  
 ******************** TIME CONTROL ********************
 Starting local_multipole_moment_analysis
 ******************************************************
  
 Multipole analysis for each of the expansion sites.
 XYZ coordinates, net charges, and multipoles are in atomic units. Dipoles and quadrupoles are for valence electrons.
 center number, atomic number, x, y, z, net_charge, dipole_x, dipole_y, dipole_z, dipole_mag, Qxy, Qxz, Qyz, Q(x^2-y^2), Q(3z^2 - R^2),three eigenvalues of traceless quadrupole moment tensor
     1     7  8.180179  5.172728 16.337235  0.175765  0.048777  0.000086  0.048294  0.068641  0.001093  0.044652  0.000215 -0.333557 -0.492869 -0.184296 -0.064631  0.248927
     2     8  8.036961  5.172315 18.613568 -0.069051  0.045909 -0.000167 -0.083170  0.095000  0.000249  0.011835 -0.000059 -0.149695  0.088541 -0.090769  0.030678  0.060091
     3     8 10.231005  5.167807 15.085321 -0.106714 -0.050290 -0.000005  0.088113  0.101454  0.000028 -0.078542  0.000183  0.054459 -0.231991 -0.112006  0.011436  0.100570
  
 ******************** TIME CONTROL ********************
 Finished local_multipole_moment_analysis in   0.46399998664855957      seconds
 ******************************************************
  
 Information for noniterative CM5 method will be printed now.
 The computed CM5 net atomic charges are:
     0.084457    -0.019761    -0.064696
 Hirshfeld and CM5 analysis finished, calculation of iterative AIM will proceed.
 iter =            1
 Localized charges for the current iteration: 
      0.302786     -0.133598     -0.169188
 Net atomic charges for the current iteration: 
      0.175765     -0.069051     -0.106714
 The updated reference ion charges will be: 
      0.260446     -0.112083     -0.148363
 Normalization =   1.0000006257648746     
 iter =            2
 Localized charges for the current iteration: 
      0.393969     -0.178113     -0.215856
 Net atomic charges for the current iteration: 
      0.296415     -0.126961     -0.169454
 The updated reference ion charges will be: 
      0.361451     -0.161062     -0.200389
  
 ******************************************************
 Finished first 2 partitioning steps in    3.1740000247955322      seconds
 ******************************************************
  
 normalization=       1.000001
  
 ******************************************************
 Finished conditioned number of reference ion electrons in   0.58600002527236938      seconds
 ******************************************************
  
  
 ******************************************************
 Finished conditioned monotonic decay of reference density in    0.0000000000000000      seconds
 ******************************************************
  
 iter = 3
 Iterations to converge reshaping: 
           1
  
 ******************************************************
 Finished tau calculation in   0.63200002908706665      seconds
 ******************************************************
  
 Conditioned reference density computation complete.
  
 ******************************************************
 Finished 3rd partitioning step in    1.2189999818801880      seconds
 This is the number of second to condition the reference densities plus the calculation of tau
 ******************************************************
  
 iteration=            4
 Normalization:   1.000000626
 Net atomic charges for the current iteration: 
      0.340427     -0.147035     -0.193392
 Max change:  4.401176E-02
 Maximum density change:  1.146189E+02
 Iterations to converge reshaping: 
           1
 iteration=            5
 Normalization:   1.000000626
 Net atomic charges for the current iteration: 
      0.338105     -0.144494     -0.193611
 Max change:  2.540669E-03
 Maximum density change:  1.048554E-03
 Iterations to converge reshaping: 
           1
 iteration=            6
 Normalization:   1.000000626
 Net atomic charges for the current iteration: 
      0.336922     -0.143002     -0.193920
 Max change:  1.491902E-03
 Maximum density change:  3.904561E-04
 Iterations to converge reshaping: 
           1
 iteration=            7
 Normalization:   1.000000626
 Net atomic charges for the current iteration: 
      0.336039     -0.141990     -0.194049
 Max change:  1.012227E-03
 Maximum density change:  1.675190E-04
  
 ******************************************************
 Finished charge partitioning steps 4-7 in    2.5620000362396240      seconds
 ******************************************************
  
  
 ******************** TIME CONTROL ********************
 Finished valence_iterator in    6.9549999237060547      seconds
 ******************************************************
  
  
 ******************** TIME CONTROL ********************
 Starting local_multipole_moment_analysis
 ******************************************************
  
 Multipole analysis for each of the expansion sites.
 XYZ coordinates, net charges, and multipoles are in atomic units. Dipoles and quadrupoles are for valence electrons.
 center number, atomic number, x, y, z, net_charge, dipole_x, dipole_y, dipole_z, dipole_mag, Qxy, Qxz, Qyz, Q(x^2-y^2), Q(3z^2 - R^2),three eigenvalues of traceless quadrupole moment tensor
     1     7  8.180179  5.172728 16.337235  0.336039  0.150726 -0.000213  0.098443  0.180026  0.000848 -0.046165  0.000293 -0.218672 -0.178284 -0.116784 -0.022269  0.139053
     2     8  8.036961  5.172315 18.613568 -0.141990  0.052993 -0.000163 -0.046509  0.070508  0.000226 -0.005902 -0.000039 -0.139850  0.163669 -0.097432  0.042647  0.054786
     3     8 10.231005  5.167807 15.085321 -0.194049  0.009341 -0.000170  0.058000  0.058747  0.000055 -0.092462  0.000205  0.055991 -0.202925 -0.115781  0.005826  0.109955
  
 ******************** TIME CONTROL ********************
 Finished local_multipole_moment_analysis in   0.46299999952316284      seconds
 ******************************************************
  
 Since the system is periodic, total multipole moment analysis will not be performed.
 Calculation of the electron cloud penetration terms
  
 ******************** TIME CONTROL ********************
 Starting perform_BO_analysis
 ******************************************************
  
 Starting Effective Bond Order (BO) Analysis
  
 ******************** TIME CONTROL ********************
 Starting prepare_BO_density_grids
 ******************************************************
  
 Preparing density grids for bond order analysis ...
 Total density grid corrected in the following number of iterations:     2
 The total integrated number of electrons is       23.000000
 Grid preparation complete.
  
 ******************** TIME CONTROL ********************
 Finished prepare_BO_density_grids in   0.71600002050399780      seconds
 ******************************************************
  
  
 ******************** TIME CONTROL ********************
 Starting compute_local_atomic_exchange_vectors
 ******************************************************
  
  
 ******************** TIME CONTROL ********************
 Finished compute_local_atomic_exchange_vectors in   0.82300001382827759      seconds
 ******************************************************
  
  
 ******************** TIME CONTROL ********************
 Starting initialize_bond_pair_matrix
 ******************************************************
  
 Initializing the bond pair matrix ...
 The total number of symmetry unique atom pairs to include in the bond pair matrix is
 num_sym_unique_bond_pairs:      3
 The bond pair matrix has been initialized.
  
 ******************** TIME CONTROL ********************
 Finished initialize_bond_pair_matrix in    2.0000000949949026E-003 seconds
 ******************************************************
  
  
 ******************** TIME CONTROL ********************
 Starting compute_summed_contact_exchange
 ******************************************************
  
  
 ******************** TIME CONTROL ********************
 Finished compute_summed_contact_exchange in   0.33199998736381531      seconds
 ******************************************************
  
  
 ******************** TIME CONTROL ********************
 Starting integrate_bonding_terms
 ******************************************************
  
  
 ******************** TIME CONTROL ********************
 Finished integrate_bonding_terms in   0.40200001001358032      seconds
 ******************************************************
  
  
 ******************** TIME CONTROL ********************
 Starting calculate_final_BOs
 ******************************************************
  
 Checking for consistency in the summed contact exchange
 The maximum error in the summed contact exchange is     0.000000
  
 The sum of contact exchanges for each atom are:
    2.180077
    1.217223
    1.100803
  
 The sum of BOs for each atom are:
    3.574790
    1.974465
    1.753770
  
 The final bond pair matrix is
     1     2    0.000000    0.000000    0.000000  -11.000000  143.000000  -36.000000  120.000000   75.000000  218.000000    1.148249    1.148249    1.136371    0.531124    0.998166    0.750870    0.749493    1.897742    1.897742
     1     3    0.000000    0.000000    0.000000    5.000000  145.000000  -36.000000  120.000000   56.000000  207.000000    1.031828    1.031828    1.021703    0.468989    0.998122    0.646434    0.645220    1.677048    1.677048
     2     3    0.000000    0.000000    0.000000    5.000000  143.000000  -36.000000  120.000000   75.000000  207.000000    0.068974    0.068974    0.068891    0.006956    0.999905    0.007749    0.007748    0.076722    0.076722
 The legend for the bond pair matrix follows:
 Columns 1 and 2 = atom numbers
 Columns 3 to 5 = repeata, repeatb, repeatc (i.e., periodic translation of second atom)
 Columns 6 to 11 = corners of the shared parallepiped: min na, max na, min nb, max nb, min nc, max nc
 Columns 12 =  contact exchange
 Columns 13 =  a term for computing average spin polarization of bonding
 Columns 14 =  overlap population
 Columns 15 =  the integrated second order atomic exchange propensities for computing bond order
 Columns 16 =  the coordination term constructed from tanh function
 Columns 17 =  the pairwise term
 Columns 18 =  expansion term combining coordination and pairwise terms
 Columns 19 =  bond index before imposing the atom self-exchange constraint
 Columns 20 =  final bond order
 
 The atom self-exchange constraint affected (by at least 0.1_dp*BO_print_cutoff)      0 bond orders.
 
  
 ******************** TIME CONTROL ********************
 Finished calculate_final_BOs in    9.7000002861022949E-002 seconds
 ******************************************************
  
 Bond order analysis complete.
  
 ******************** TIME CONTROL ********************
 Finished perform_BO_analysis in    2.3729999065399170      seconds
 ******************************************************
  
 The computed Rsquared moments of the atoms (in bohr^2) are: 
    10.807832    11.587201    11.990937
 The computed Rcubed moments of the atoms (in bohr^3) are: 
    22.610998    22.514262    23.747719
 The computed Rfourth moments of the atoms (in bohr^4) are: 
    58.138401    54.885792    59.156512
 Normal termination of Chargemol program.
 Copyright (c) 2014, 2015, 2016, 2017 by Thomas A. Manz and Nidia Gabaldon Limas. Rights reserved.
 Use and distribution of this program is subject to certain licensing restrictions.
 Please see ddec.sourceforge.net for details.
  
 Please cite the following journal references when using this program to compute DDEC6 charges:
 N. Gabaldon Limas and T. A. Manz,  "Introducing DDEC6 atomic population analysis: part 2. 
 Computed results for a wide range of periodic and nonperiodic materials," RSC Advances, Vol. 6 (2016) 45727-45747.
 T. A. Manz and N. Gabaldon Limas, "Introducing DDEC6 atomic population analysis: part 1.
 Charge partitioning theory and methodology," RSC Advances, Vol. 6 (2016) 47771-47801.
 If desired, you can also cite references listed below for the DDEC3 and earlier methods.
  
 Please cite the following journal references when using this program to compute DDEC, Hirshfeld, or ISA charges:
 Thomas A. Manz and David S. Sholl, "Improved Atoms-in-Molecule Charge Partitioning Functional for Simultaneously Reproducing the Electrostatic
 Potential and Chemical States in Periodic and Non-Periodic Materials", J. Chem. Theory Comput., Vol. 8 (2012) 2844-2867.
 Thomas A. Manz and David S. Sholl, "Chemically Meaningful Atomic Charges that Reproduce the Electrostatic Potential in Periodic and Nonperiodic
 Materials", J. Chem. Theory Comput., Vol. 6 (2010) 2455-2468.
  
 Please cite the following journal reference when using this program to compute atomic spin moments:
 Thomas A. Manz and David S. Sholl, "Methods for Computing Accurate Atomic Spin Moments for Collinear and Noncollinear Magnetism in Periodic and
 Nonperiodic Materials", J. Chem. Theory Comput., Vol. 7 (2011) 4146-4164.
  
 Please cite the following reference when using this program to compute bond orders:
 Thomas A. Manz, "Introducing DDEC6 atomic population analysis: part 3. Comprehensive method to compute bond orders.", RSC Advances, Vol. 7 (2017) 45552-45581.
  
 Exiting Chargemol
 2024/07/30  08:43:31
  
 ******************** TIME CONTROL ********************
 Finished chargemol in    55.387001037597656      seconds
 ******************************************************
  
